15-02-2023	13:59:20-----not found
15-02-2023	02:00:21-----not found
15-02-2023	31:02:21-----/404-----GET-----not found
15-02-2023	38:02:21-----/v1/users-----GET-----This is an error
15-02-2023	55:06:21-----idError-----function v4(options, buf, offset) {
  options = options || {};

  const rnds = options.random || (options.rng || _rng.default)(); // Per 4.4, set bits for version and `clock_seq_hi_and_reserved`


  rnds[6] = rnds[6] & 0x0f | 0x40;
  rnds[8] = rnds[8] & 0x3f | 0x80; // Copy bytes to buffer, if provided

  if (buf) {
    offset = offset || 0;

    for (let i = 0; i < 16; ++i) {
      buf[offset + i] = rnds[i];
    }

    return buf;
  }

  return (0, _stringify.default)(rnds);
}-----/404-----GET-----not found
15-02-2023	18:07:21-----idError-----5a006682-5f2d-427e-b624-31d6dcc31aae-----/404-----GET-----not found
15-02-2023	18:14:22-----idError-----b20d3e63-cdd4-4af6-a0c7-529a6490ad09-----/404-----GET-----uuid is not defined
15-02-2023	55:14:22-----idError-----ec0bfa48-6077-4147-bf6a-dce1c0178bc0-----/404-----GET-----uuid is not defined
15-02-2023	58:14:22-----idError-----2d92f7b5-3f2c-46cf-9a9b-71d6a4fb00e6-----/v1/users-----GET-----uuid is not defined
15-02-2023	26:16:22-----idError-----82e04c43-0340-4912-af9c-2ef9231bb331-----/404-----GET-----not found
15-02-2023	29:16:22-----idError-----01a27e17-2ed6-408f-90de-e6e1406b6277-----/v1/users-----GET-----not found
15-02-2023	32:16:22-----idError-----0bf12925-40e5-46c7-b228-8e0a95544ca6-----/v1/users-----GET-----not found
15-02-2023	34:16:22-----idError-----f76d9510-7547-4f9b-a4f0-14191796ccdd-----/404-----GET-----not found
15-02-2023	37:16:22-----idError-----4c892460-524d-4f4b-a659-3cf4d0f6ce59-----/v1/users/id/-----GET-----not found
15-02-2023	38:17:22-----idError-----c66e5ea3-8be0-49f1-bcee-d4d861a716ba-----/v2/test-----GET-----not found
16-02-2023	22:59:06-----idError-----6d13b3e3-f0d8-4b37-828d-ea7f35858c89-----/404-----GET-----not found
16-02-2023	01:13:07-----idError-----3f7ffb20-56f9-4d5d-8364-186bb0384897-----/v2/order/-----GET-----not found
16-02-2023	58:03:19-----idError-----c21f4126-ae57-40de-80ab-851d6b6d86cf-----/v1/order-----GET-----not found
16-02-2023	26:08:19-----idError-----fdef1945-a0b3-4887-af49-72c823929fb3-----/v1/orders-----GET-----not found
16-02-2023	58:33:19-----idError-----52badcbc-2be8-4c16-aeba-403caf2b9491-----/v1/users-----POST-----not found
16-02-2023	26:34:19-----idError-----30c0568f-92d7-4865-b872-25574610e852-----/v1/users-----OPTIONS-----not found
16-02-2023	30:34:19-----idError-----be7600d7-d5d2-410d-8fd9-c37941e4eb71-----/v1/users-----GET-----not found
16-02-2023	32:34:19-----idError-----7161ee6c-3097-454d-bf3e-53848f5d44b9-----/favicon.ico-----GET-----not found
16-02-2023	34:34:19-----idError-----06bdd731-72eb-41d0-8928-e8db1338016a-----/v1/users-----PUT-----not found
16-02-2023	35:34:19-----idError-----3b65a770-cbb4-4bc4-bf48-b4bea9d49f3c-----/v1/users-----PUT-----not found
16-02-2023	36:34:19-----idError-----0b90636a-d6da-44a0-a89e-abcc728ec0bb-----/v1/users-----PUT-----not found
16-02-2023	38:34:19-----idError-----fe635550-0ee6-47a3-9a4c-1cb2fc370175-----/v1/users-----PUT-----not found
16-02-2023	39:34:19-----idError-----36518ff6-9bac-4a2a-83ae-741b16dfc7e9-----/v1/users-----PUT-----not found
16-02-2023	41:34:19-----idError-----5e8284d4-df13-49a1-aa83-1bdc175f5a38-----/v1/users-----POST-----not found
16-02-2023	41:34:19-----idError-----3999513b-6d73-4910-bcec-49a476f70d26-----/v1/users-----PUT-----not found
16-02-2023	42:34:19-----idError-----8cd6ef72-756d-4a45-b022-c9bfab73fae6-----/v1/users-----PUT-----not found
16-02-2023	44:34:19-----idError-----dbffc033-6c38-4076-8ed9-b0690a1ec159-----/v1/users-----PUT-----not found
16-02-2023	45:34:19-----idError-----cdcd7b7f-e77f-48b5-97d6-e813df07ee3d-----/v1/users-----PUT-----not found
16-02-2023	46:34:19-----idError-----e5c7aa7e-be65-4d32-b0a6-731b04eb7764-----/v1/users-----PUT-----not found
16-02-2023	47:34:19-----idError-----de58323f-59a1-4011-9a1b-b0b89bc366b3-----/v1/users-----PUT-----not found
16-02-2023	49:34:19-----idError-----04b5ab78-c11a-4d6e-9cd0-034665da8631-----/v1/users-----PUT-----not found
16-02-2023	50:34:19-----idError-----54e5b9c7-ae29-4fd5-803e-dd20e3f0dd69-----/v1/users-----PUT-----not found
16-02-2023	51:34:19-----idError-----7dc00ab5-322d-4bb3-b251-f2418c8de6f3-----/v1/users-----PUT-----not found
16-02-2023	53:34:19-----idError-----9d089425-9fb3-4e98-a6cc-9413469afb09-----/v1/users-----PUT-----not found
16-02-2023	54:34:19-----idError-----29604d28-f6f0-42f2-8b7a-7914ce3064a8-----/v1/users-----PUT-----not found
16-02-2023	54:34:19-----idError-----b8155650-688d-429e-9074-66e542577944-----/v1/users-----POST-----not found
16-02-2023	55:34:19-----idError-----aa304212-85ee-4da4-a94b-efe988fdb89d-----/v1/users-----PUT-----not found
16-02-2023	57:34:19-----idError-----4c4f19bf-ed67-4d09-8a15-2e9b32165ba3-----/v1/users-----PUT-----not found
16-02-2023	58:34:19-----idError-----67b58014-2e26-436f-8e4d-65ef6a29a407-----/v1/users-----PUT-----not found
16-02-2023	59:34:19-----idError-----0e7bb826-5e55-46dd-a4b6-15486d5fc38d-----/v1/users-----PUT-----not found
16-02-2023	00:35:19-----idError-----9442922d-33b1-409f-917b-46973889032c-----/v1/users-----PUT-----not found
16-02-2023	01:35:19-----idError-----04aa7a2c-ea15-4bc8-b3a7-d3f0264f4888-----/v1/users-----PUT-----not found
16-02-2023	02:35:19-----idError-----d18ded6c-fb32-4bd4-a10d-eda1e4952e6b-----/v1/users-----PUT-----not found
16-02-2023	04:35:19-----idError-----ed8198ba-2f1c-4d3a-9157-7434d5f287ef-----/v1/users-----PUT-----not found
16-02-2023	04:35:19-----idError-----efa10bc0-40a0-406c-abf0-0d6502542403-----/v1/user-----POST-----not found
16-02-2023	05:35:19-----idError-----964c6c46-e080-4146-bdd6-25340e52fea5-----/v1/users-----PUT-----not found
16-02-2023	07:35:19-----idError-----a8a674b6-6066-445d-9b8a-d5165e84ca80-----/v1/users-----PUT-----not found
16-02-2023	08:35:19-----idError-----16855a1b-28b6-4882-a65d-ed0fb53adc97-----/v1/users-----PUT-----not found
16-02-2023	09:35:19-----idError-----a69ac708-edd9-47c7-a313-fe83e69f44b6-----/v1/users-----PUT-----not found
16-02-2023	10:35:19-----idError-----16f7c899-2700-4c69-9572-df71db9ffb89-----/v1/users-----PUT-----not found
16-02-2023	11:35:19-----idError-----d9ba4696-5af2-49f2-98a6-271ef1e7647d-----/v1/users-----PUT-----not found
16-02-2023	13:35:19-----idError-----979bfab5-6878-4011-8e8b-e78c1708b9eb-----/v1/users-----PUT-----not found
16-02-2023	14:35:19-----idError-----475f1f68-5561-4f50-9ea2-c2d7a2c08c67-----/v1/users-----PUT-----not found
16-02-2023	16:35:19-----idError-----ccc64dbb-d8ff-4680-8947-9062ba487034-----/v1/users-----PUT-----not found
16-02-2023	17:35:19-----idError-----cf88b5a7-32f6-4d38-8326-ea79b1fbf4b9-----/v1/users-----PUT-----not found
16-02-2023	19:35:19-----idError-----a3785f37-a36b-47de-8a56-6ee3b83f1a6f-----/v1/users-----PUT-----not found
16-02-2023	20:35:19-----idError-----62c82a5a-7f8e-4fe1-a1e8-97edd0b6561e-----/v1/users-----PUT-----not found
16-02-2023	33:35:19-----idError-----7ecb2c61-6645-4e66-8dcf-6cbc561d6524-----/v1/user-----POST-----not found
16-02-2023	50:35:19-----idError-----86be599b-ab72-4575-91a1-541fe9a35f20-----/v1/user-----POST-----not found
16-02-2023	50:35:19-----idError-----2d5c0dec-49d0-4971-bca4-1e29b32a0eb8-----/v1/user-----POST-----not found
16-02-2023	42:36:19-----idError-----5e99bc33-964d-48a5-a7a3-6b91049387d5-----/v1/user-----POST-----not found
16-02-2023	06:37:19-----idError-----4d3c2d17-3c1f-4784-b237-93c392f0c3f3-----/v1/order-----PUT-----not found
16-02-2023	15:37:19-----idError-----8351feb9-7297-4ccd-a568-ea3db624ae47-----/v1/order-----PUT-----not found
16-02-2023	36:37:19-----idError-----276410fe-1135-4f6d-8995-5314b1bb8d93-----/v2/user-----PUT-----not found
16-02-2023	37:37:19-----idError-----7e966f5e-f954-4bf6-a161-3956d49b3f83-----/v2/user-----PUT-----not found
16-02-2023	28:05:21-----idError-----def2d987-ff15-462d-be8a-f29081d38c60-----/v1/users-----GET-----not found
16-02-2023	12:06:21-----idError-----eb14c192-ac35-49c7-8bf6-285787b974b9-----/v2/user-----PUT-----not found
16-02-2023	26:06:21-----idError-----99acad14-aad8-4329-bf52-0bb1a6f59590-----/v1/user-----PUT-----not found
17-02-2023	21:23:07-----idError-----460e0c3b-67d2-4e8f-b406-aa185ba22e44-----/v1/services/getMethods-----GET-----not found
17-02-2023	51:21:22-----idError-----40dc3906-870f-458c-a683-6a6bfbbe676c-----/v1/services/getMethods-----GET-----not found
18-02-2023	29:45:06-----idError-----fccea25c-c846-47ae-adfa-a6e7f26eb898-----/v1/services/getStatics-----GET-----not found
18-02-2023	34:45:06-----idError-----1adfabff-c976-42a6-af60-2371e2756914-----/v1/services/getMethods-----GET-----not found
18-02-2023	35:45:06-----idError-----9edc819a-78a7-4820-a9b9-64199d706b6c-----/v1/services/getMethods-----GET-----not found
18-02-2023	36:45:06-----idError-----edecec10-bca8-4273-ab18-fb698d12fd50-----/v1/services/getStatics-----GET-----not found
18-02-2023	23:00:07-----idError-----ddf89adb-3f18-4218-be75-21c1f34ac51f-----/v1/services/getStatics-----GET-----not found
18-02-2023	23:04:07-----idError-----2becc66b-272c-4bcc-b59e-f9927c206e20-----/v1/services/getMethods-----GET-----not found
18-02-2023	28:04:07-----idError-----eac5e34f-7d9f-43ed-b7a9-6fa808d2a132-----/v1/services/getStatics-----GET-----not found
18-02-2023	08:14:07-----idError-----e6f07ded-1c53-4d78-bc13-aacb1a58c89b-----/v1/services/getStatics-----GET-----not found
18-02-2023	11:14:07-----idError-----d3f2ec53-ec8d-4127-84bd-756b463ff758-----/v1/services/getMethods-----GET-----not found
21-02-2023	27:25:07-----idError-----4c98e443-bf80-4682-9dcf-e67508e1ebdc-----/v1/ecommerce/products-----PUT-----products validation failed: productId: Path `productId` is required.
21-02-2023	35:26:07-----idError-----72f41757-3408-4fd2-be16-6f60b5c7b0a6-----/v1/ecommerce/products-----PUT-----products validation failed: productId: Path `productId` is required.
21-02-2023	14:28:07-----idError-----e6db81dd-6286-4497-a0af-c8b184930a75-----/v1/ecommerce/products-----PUT-----products validation failed: productId: Path `productId` is required.
21-02-2023	48:29:07-----idError-----8e248d52-ddf6-45d9-81a8-389130e98439-----/v1/ecommerce/products-----PUT-----products validation failed: productId: Path `productId` is required.
21-02-2023	22:30:07-----idError-----4b2846f6-8bfa-4e8c-95b3-a30114a51126-----/v1/ecommerce/products-----PUT-----products validation failed: productId: Path `productId` is required.
21-02-2023	15:31:07-----idError-----1485195d-1383-4a92-bcdf-8da8acd00ab3-----/v1/ecommerce/products-----PUT-----products validation failed: productId: Path `productId` is required.
21-02-2023	04:32:07-----idError-----4df3ae32-b37b-4b54-af4b-d80ffd2802df-----/v1/ecommerce/products-----PUT-----products validation failed: productId: Path `productId` is required.
21-02-2023	05:32:07-----idError-----f49c8c68-b9ab-48fd-b657-c507c91f2f2a-----/v1/ecommerce/products-----PUT-----products validation failed: productId: Path `productId` is required.
21-02-2023	23:32:07-----idError-----d67da8cd-7d43-441c-aaf8-64c9fdb58c51-----/v1/ecommerce/products-----PUT-----products validation failed: productId: Path `productId` is required.
21-02-2023	09:34:18-----idError-----d94b3cf0-0126-4cbd-8ff3-982c4984c2f3-----/v1/ecommerce/products-----PUT-----products validation failed: productId: Path `productId` is required.
21-02-2023	11:55:18-----idError-----f7eeeedb-491f-46bf-b589-721dfe048752-----/v1/ecommerce/products-----PUT-----products validation failed: productId: Path `productId` is required.
21-02-2023	43:00:19-----idError-----e04aa4b4-e334-40bb-9795-fcf747acbe5f-----/v1/ecommerce/products-----PUT-----products validation failed: productId: Path `productId` is required.
21-02-2023	45:00:19-----idError-----c5a004b8-7a72-4f92-8c63-bb2e30984686-----/v1/ecommerce/products-----PUT-----products validation failed: productId: Path `productId` is required.
21-02-2023	06:01:19-----idError-----c51d3cf0-b7ec-4c99-a17f-f23f08252600-----/v1/ecommerce/products-----PUT-----products validation failed: productId: Path `productId` is required.
21-02-2023	56:04:19-----idError-----8529a7a2-8f73-4356-bc39-63b5dccb9327-----/v1/ecommerce/products-----PUT-----products validation failed: productId: Path `productId` is required.
21-02-2023	57:04:19-----idError-----ce4d70d9-c3e3-44fe-be71-7cc2faa97a90-----/v1/ecommerce/products-----PUT-----products validation failed: productId: Path `productId` is required.
21-02-2023	12:07:19-----idError-----a4389b27-b228-48c4-af1a-3f8f4c79725c-----/v1/ecommerce/products-----PUT-----products validation failed: productId: Path `productId` is required.
21-02-2023	37:15:19-----idError-----7a7ed35f-f1e8-4682-94f5-c34d4a6eb819-----/v1/ecommerce/products-----PUT-----products validation failed: productId: Path `productId` is required.
21-02-2023	22:16:19-----idError-----f0c079fc-e134-4d15-aa89-f7dcda1c9f6b-----/v1/ecommerce/products-----PUT-----products validation failed: productId: Path `productId` is required.
21-02-2023	12:24:19-----idError-----6987443f-3a83-4782-89e0-45e0eacfeec0-----/v1/ecommerce/products-----PUT-----products validation failed: productId: Path `productId` is required.
21-02-2023	25:24:19-----idError-----24d2c0dd-7c85-426f-ad2d-96c937fce17d-----/v1/ecommerce/products-----PUT-----products validation failed: productId: Path `productId` is required.
21-02-2023	26:24:19-----idError-----231b698a-dcf4-466e-893b-ae6ddff56881-----/v1/ecommerce/products-----PUT-----products validation failed: productId: Path `productId` is required.
21-02-2023	27:24:19-----idError-----7266853b-2b28-4a43-9ad5-47f3083e1830-----/v1/ecommerce/products-----PUT-----products validation failed: productId: Path `productId` is required.
21-02-2023	27:24:19-----idError-----63ace4c3-399f-46bb-86da-027f7b236ecd-----/v1/ecommerce/products-----PUT-----products validation failed: productId: Path `productId` is required.
21-02-2023	27:24:19-----idError-----89b7ba23-df9f-4da6-975e-0bf0a96eb470-----/v1/ecommerce/products-----PUT-----products validation failed: productId: Path `productId` is required.
21-02-2023	33:24:19-----idError-----6747c455-67d7-4079-a033-b3ac3e3be65a-----/v1/ecommerce/products-----PUT-----products validation failed: productId: Path `productId` is required.
21-02-2023	04:25:19-----idError-----bc671539-a0c0-438f-bf48-7bc48ddb76cb-----/v1/ecommerce/products-----PUT-----products validation failed: productId: Path `productId` is required.
21-02-2023	42:33:19-----idError-----6c490c09-d3d5-4f52-9878-30dbf0a66ac9-----/v1/ecommerce/products-----PUT-----products validation failed: productId: Path `productId` is required.
21-02-2023	43:33:19-----idError-----571a649c-2485-49ce-81c2-01c6842e27a1-----/v1/ecommerce/products-----PUT-----products validation failed: productId: Path `productId` is required.
21-02-2023	43:33:19-----idError-----b8e20ffe-4a99-443c-ab31-0748652e8408-----/v1/ecommerce/products-----PUT-----products validation failed: productId: Path `productId` is required.
21-02-2023	43:33:19-----idError-----b7e03282-49a7-4220-bb70-d4bdbe41b518-----/v1/ecommerce/products-----PUT-----products validation failed: productId: Path `productId` is required.
21-02-2023	47:34:19-----idError-----c49b1d2a-3dc1-4df8-8a1e-2a3b0d40a264-----/v1/ecommerce/products-----PUT-----products validation failed: productId: Path `productId` is required.
21-02-2023	15:44:19-----idError-----2a00885c-cdae-4127-bab3-73ccee803b82-----/v1/ecommerce/products-----PUT-----products validation failed: productId: Path `productId` is required.
21-02-2023	17:44:19-----idError-----132d26ef-bda7-4210-a8e6-c3be173a76b2-----/v1/ecommerce/products-----PUT-----products validation failed: productId: Path `productId` is required.
21-02-2023	13:54:19-----idError-----7dd6fc30-c2b5-49ca-82f9-96e0bff571d0-----/v1/ecommerce/products-----PUT-----products validation failed: productId: Path `productId` is required.
21-02-2023	37:54:19-----idError-----0454f489-2daf-47b1-9d76-09f8f2de48c3-----/v1/ecommerce/products-----PUT-----products validation failed: productId: Path `productId` is required.
21-02-2023	52:01:22-----idError-----19998e00-2908-4284-89b1-0cf1d9c6f627-----/v1/ecommerce/addToCart-----PUT-----addToCart is not a function
21-02-2023	50:16:22-----idError-----87e80380-46be-4005-baf1-3529960ed653-----/v1/ecommerce/addToCart-----PUT-----Cast to ObjectId failed for value "{ userId: 1234 }" (type Object) at path "_id" for model "carts"
21-02-2023	42:39:23-----idError-----b5a2634a-6ed9-48b6-8c35-fae1f78964d5-----/v1/ecommerce/products-----PUT-----products validation failed: productId: Path `productId` is required.
24-02-2023	37:10:22-----idError-----072d7098-7605-4038-b395-7752210b068b-----/v1/services/listPlayerByBlub-----GET-----error is not defined
24-02-2023	12:13:22-----idError-----77540a53-bbf0-4178-99eb-6730b45ce5f8-----/v1/services/listPlayerByBlub?stime=0&nonce=0&sign=sign-----GET-----error is not defined
24-02-2023	18:30:23-----idError-----70feaf74-39a0-4c18-bb44-3eb3d00ad272-----/v1/services/listPlayerByBlub?club=manu&stime=1677256216324&nonce=94183095053478000000&keyToken=xxxxYYYYY&v=v1&sign=48e27ca824503538d686d87d8d27b816-----GET-----Cannot access 'paramsHolder' before initialization
24-02-2023	22:30:23-----idError-----441b944b-568e-4519-bae9-ff1fe7bc7c56-----/v1/services/listPlayerByBlub?club=manu&stime=1677256222681&nonce=37356744542458500000&keyToken=xxxxYYYYY&v=v1&sign=48e27ca824503538d686d87d8d27b816-----GET-----Cannot access 'paramsHolder' before initialization
24-02-2023	24:30:23-----idError-----e67b21fb-d9ff-4b83-b3b2-5de6bfeea1c1-----/v1/services/listPlayerByBlub?club=manu&stime=1677256224409&nonce=36538302864275423000&keyToken=xxxxYYYYY&v=v1&sign=48e27ca824503538d686d87d8d27b816-----GET-----Cannot access 'paramsHolder' before initialization
24-02-2023	40:30:23-----idError-----9ed78948-afde-47f5-8b7a-3878216202a2-----/v1/services/listPlayerByBlub?club=manu&stime=1677256237288&nonce=90723047346506870000&keyToken=xxxxYYYYY&v=v1&sign=48e27ca824503538d686d87d8d27b816-----GET-----Cannot access 'paramsHolder' before initialization
24-02-2023	47:30:23-----idError-----f9ae4fbb-cb61-46d1-97ff-86b7f58a867d-----/v1/services/listPlayerByBlub?club=manu&stime=1677256245788&nonce=64088597320698044000&keyToken=xxxxYYYYY&v=v1&sign=48e27ca824503538d686d87d8d27b816-----GET-----Cannot access 'paramsHolder' before initialization
24-02-2023	50:30:23-----idError-----fd119364-9859-4865-9d34-d114493002fc-----/v1/services/listPlayerByBlub?club=manu&stime=1677256249644&nonce=56868237212352400000&keyToken=xxxxYYYYY&v=v1&sign=48e27ca824503538d686d87d8d27b816-----GET-----Cannot access 'paramsHolder' before initialization
24-02-2023	52:30:23-----idError-----dfc79377-3c27-4700-8903-3c12cecded38-----/v1/services/listPlayerByBlub?club=manu&stime=1677256251665&nonce=94035911827636700000&keyToken=xxxxYYYYY&v=v1&sign=48e27ca824503538d686d87d8d27b816-----GET-----Cannot access 'paramsHolder' before initialization
24-02-2023	54:30:23-----idError-----d38b415e-77e7-42f2-8d84-2fae66edad35-----/v1/services/listPlayerByBlub?club=manu&stime=1677256253680&nonce=52406855270046220000&keyToken=xxxxYYYYY&v=v1&sign=48e27ca824503538d686d87d8d27b816-----GET-----Cannot access 'paramsHolder' before initialization
24-02-2023	55:30:23-----idError-----dab9a8ae-21d9-4ca8-b1bf-05c5ab55c3e0-----/v1/services/listPlayerByBlub?club=manu&stime=1677256255262&nonce=60059310291717730000&keyToken=xxxxYYYYY&v=v1&sign=48e27ca824503538d686d87d8d27b816-----GET-----Cannot access 'paramsHolder' before initialization
24-02-2023	57:30:23-----idError-----cfb95ca6-19a0-4762-94f9-ab4d7d2481d9-----/v1/services/listPlayerByBlub?club=manu&stime=1677256256698&nonce=35563467421796470000&keyToken=xxxxYYYYY&v=v1&sign=48e27ca824503538d686d87d8d27b816-----GET-----Cannot access 'paramsHolder' before initialization
24-02-2023	59:30:23-----idError-----56491f91-86ef-465a-9ec1-a4e93284a672-----/v1/services/listPlayerByBlub?club=manu&stime=1677256258509&nonce=96219024629935950000&keyToken=xxxxYYYYY&v=v1&sign=48e27ca824503538d686d87d8d27b816-----GET-----Cannot access 'paramsHolder' before initialization
24-02-2023	02:31:23-----idError-----c0b1c7f5-25cf-4232-8206-e4af8b1429f0-----/v1/services/listPlayerByBlub?club=manu&stime=1677256261330&nonce=59371489300400980000&keyToken=xxxxYYYYY&v=v1&sign=48e27ca824503538d686d87d8d27b816-----GET-----Cannot access 'paramsHolder' before initialization
24-02-2023	04:31:23-----idError-----f1292c9b-552a-4b60-9904-040865c8910b-----/v1/services/listPlayerByBlub?club=manu&stime=1677256263810&nonce=61354090406709060000&keyToken=xxxxYYYYY&v=v1&sign=48e27ca824503538d686d87d8d27b816-----GET-----Cannot access 'paramsHolder' before initialization
24-02-2023	07:31:23-----idError-----52d2da81-b00d-4bae-8096-bdd22ba21803-----/v1/services/listPlayerByBlub?club=manu&stime=1677256266338&nonce=17902285653856274000&keyToken=xxxxYYYYY&v=v1&sign=48e27ca824503538d686d87d8d27b816-----GET-----Cannot access 'paramsHolder' before initialization
24-02-2023	08:31:23-----idError-----7cc1efe6-a937-4295-95cf-9a6f84d0e752-----/v1/services/listPlayerByBlub?club=manu&stime=1677256268045&nonce=16130090932404226000&keyToken=xxxxYYYYY&v=v1&sign=48e27ca824503538d686d87d8d27b816-----GET-----Cannot access 'paramsHolder' before initialization
24-02-2023	11:31:23-----idError-----397dd032-3d9e-422c-bcfe-0b966cc18b41-----/v1/services/listPlayerByBlub?club=manu&stime=1677256270315&nonce=47297750617249880000&keyToken=xxxxYYYYY&v=v1&sign=48e27ca824503538d686d87d8d27b816-----GET-----Cannot access 'paramsHolder' before initialization
24-02-2023	14:31:23-----idError-----f80eda84-cf2e-405a-b008-b6294cbd35c7-----/v1/services/listPlayerByBlub?club=manu&stime=1677256273235&nonce=72597357081530606000&keyToken=xxxxYYYYY&v=v1&sign=48e27ca824503538d686d87d8d27b816-----GET-----Cannot access 'paramsHolder' before initialization
24-02-2023	36:32:23-----idError-----f871e4f6-e893-45a4-a061-b5fbbd75c2b7-----/v1/services/listPlayerByBlub?club=manu&stime=1677256356837&nonce=86201204084146650000&keyToken=xxxxYYYYY&v=v1&sign=48e27ca824503538d686d87d8d27b816-----GET-----Cannot access 'paramsHolder' before initialization
24-02-2023	37:32:23-----idError-----4d52c6ac-2eda-436b-9e51-6be0bc7af480-----/v1/services/listPlayerByBlub?club=manu&stime=1677256357331&nonce=84717062965307770000&keyToken=xxxxYYYYY&v=v1&sign=48e27ca824503538d686d87d8d27b816-----GET-----Cannot access 'paramsHolder' before initialization
24-02-2023	38:32:23-----idError-----5741e8c7-9bb0-4fff-8ce2-0a3e5cc71ea9-----/v1/services/listPlayerByBlub?club=manu&stime=1677256358245&nonce=24896589124923750000&keyToken=xxxxYYYYY&v=v1&sign=48e27ca824503538d686d87d8d27b816-----GET-----Cannot access 'paramsHolder' before initialization
24-02-2023	39:32:23-----idError-----085eb04c-1839-4c6e-b17e-09dce76a30fe-----/v1/services/listPlayerByBlub?club=manu&stime=1677256358779&nonce=42964808411284090000&keyToken=xxxxYYYYY&v=v1&sign=48e27ca824503538d686d87d8d27b816-----GET-----Cannot access 'paramsHolder' before initialization
24-02-2023	39:32:23-----idError-----ff390a68-a775-43cb-a351-cbf118db3a9f-----/v1/services/listPlayerByBlub?club=manu&stime=1677256359654&nonce=42028640459979690000&keyToken=xxxxYYYYY&v=v1&sign=48e27ca824503538d686d87d8d27b816-----GET-----Cannot access 'paramsHolder' before initialization
24-02-2023	40:32:23-----idError-----216be797-2126-4d5f-b23d-5b802ea348ce-----/v1/services/listPlayerByBlub?club=manu&stime=1677256360714&nonce=82613596991670580000&keyToken=xxxxYYYYY&v=v1&sign=48e27ca824503538d686d87d8d27b816-----GET-----Cannot access 'paramsHolder' before initialization
24-02-2023	41:32:23-----idError-----5532a3a4-c7cf-4ef2-90bd-00238fe8865a-----/v1/services/listPlayerByBlub?club=manu&stime=1677256361414&nonce=90699206732956570000&keyToken=xxxxYYYYY&v=v1&sign=48e27ca824503538d686d87d8d27b816-----GET-----Cannot access 'paramsHolder' before initialization
24-02-2023	42:32:23-----idError-----77e7a2fe-6817-4821-b94f-7d202797a0d8-----/v1/services/listPlayerByBlub?club=manu&stime=1677256362461&nonce=57378337281513340000&keyToken=xxxxYYYYY&v=v1&sign=48e27ca824503538d686d87d8d27b816-----GET-----Cannot access 'paramsHolder' before initialization
24-02-2023	42:40:23-----idError-----575113da-c248-4224-83f3-fcd3ebe93258-----/v1/services/listPlayerByBlub?club=manu&stime=1677256842139&nonce=37029875242728290000&keyToken=xxxxYYYYY&v=v1&sign=48e27ca824503538d686d87d8d27b816-----GET-----Cannot access 'paramsHolder' before initialization
24-02-2023	43:40:23-----idError-----fa17f3e9-9265-4ca7-8609-424b2b1e95e3-----/v1/services/listPlayerByBlub?club=manu&stime=1677256842667&nonce=23364757501049350000&keyToken=xxxxYYYYY&v=v1&sign=48e27ca824503538d686d87d8d27b816-----GET-----Cannot access 'paramsHolder' before initialization
24-02-2023	44:40:23-----idError-----1020f19d-b334-45f6-a13b-ee693b834c9e-----/v1/services/listPlayerByBlub?club=manu&stime=1677256843768&nonce=65604315463493050000&keyToken=xxxxYYYYY&v=v1&sign=48e27ca824503538d686d87d8d27b816-----GET-----Cannot access 'paramsHolder' before initialization
24-02-2023	44:40:23-----idError-----44f420a3-3d0f-42aa-b165-39d445480982-----/v1/services/listPlayerByBlub?club=manu&stime=1677256844736&nonce=51532138524640030000&keyToken=xxxxYYYYY&v=v1&sign=48e27ca824503538d686d87d8d27b816-----GET-----Cannot access 'paramsHolder' before initialization
24-02-2023	45:40:23-----idError-----8d8cfdac-b07e-4b9b-93ac-8a6cb1645416-----/v1/services/listPlayerByBlub?club=manu&stime=1677256845332&nonce=82811586737841590000&keyToken=xxxxYYYYY&v=v1&sign=48e27ca824503538d686d87d8d27b816-----GET-----Cannot access 'paramsHolder' before initialization
24-02-2023	46:40:23-----idError-----31aa6f88-06ab-4058-8aed-00b1f73a3d29-----/v1/services/listPlayerByBlub?club=manu&stime=1677256846357&nonce=58345062097472950000&keyToken=xxxxYYYYY&v=v1&sign=48e27ca824503538d686d87d8d27b816-----GET-----Cannot access 'paramsHolder' before initialization
24-02-2023	47:40:23-----idError-----c31f3a17-08b1-4f27-8417-402d99721381-----/v1/services/listPlayerByBlub?club=manu&stime=1677256847162&nonce=98169036802806070000&keyToken=xxxxYYYYY&v=v1&sign=48e27ca824503538d686d87d8d27b816-----GET-----Cannot access 'paramsHolder' before initialization
24-02-2023	48:40:23-----idError-----ff082db1-2998-4839-8bc3-368e51ed29c2-----/v1/services/listPlayerByBlub?club=manu&stime=1677256848330&nonce=75139964745903330000&keyToken=xxxxYYYYY&v=v1&sign=48e27ca824503538d686d87d8d27b816-----GET-----Cannot access 'paramsHolder' before initialization
24-02-2023	49:40:23-----idError-----81d3bad5-0291-476f-baf8-930f08f78c80-----/v1/services/listPlayerByBlub?club=manu&stime=1677256849443&nonce=86993610434121060000&keyToken=xxxxYYYYY&v=v1&sign=48e27ca824503538d686d87d8d27b816-----GET-----Cannot access 'paramsHolder' before initialization
24-02-2023	51:40:23-----idError-----2fb2b9b1-088e-48db-9286-cc6a53f1b1e9-----/v1/services/listPlayerByBlub?club=manu&stime=1677256851066&nonce=96478344162036880000&keyToken=xxxxYYYYY&v=v1&sign=48e27ca824503538d686d87d8d27b816-----GET-----Cannot access 'paramsHolder' before initialization
24-02-2023	53:40:23-----idError-----ab1fc84e-de51-48ec-beaa-3c6d45b59020-----/v1/services/listPlayerByBlub?club=manu&stime=1677256852886&nonce=16178975259652389000&keyToken=xxxxYYYYY&v=v1&sign=48e27ca824503538d686d87d8d27b816-----GET-----Cannot access 'paramsHolder' before initialization
24-02-2023	54:40:23-----idError-----ad385b97-f90e-48f6-88bd-66d20ce84ba0-----/v1/services/listPlayerByBlub?club=manu&stime=1677256854398&nonce=58465443931068146000&keyToken=xxxxYYYYY&v=v1&sign=48e27ca824503538d686d87d8d27b816-----GET-----Cannot access 'paramsHolder' before initialization
24-02-2023	55:40:23-----idError-----7c0465d1-a82d-4ad6-a043-bb6185595f9c-----/v1/services/listPlayerByBlub?club=manu&stime=1677256855808&nonce=58684333142270116000&keyToken=xxxxYYYYY&v=v1&sign=48e27ca824503538d686d87d8d27b816-----GET-----Cannot access 'paramsHolder' before initialization
24-02-2023	57:40:23-----idError-----f865a2d3-a6ed-42b2-a71c-1db97afd1d27-----/v1/services/listPlayerByBlub?club=manu&stime=1677256857063&nonce=57128733403929630000&keyToken=xxxxYYYYY&v=v1&sign=48e27ca824503538d686d87d8d27b816-----GET-----Cannot access 'paramsHolder' before initialization
24-02-2023	58:40:23-----idError-----a62420f3-81c5-4ac8-be5f-a860fcba9e18-----/v1/services/listPlayerByBlub?club=manu&stime=1677256858196&nonce=99833128232073770000&keyToken=xxxxYYYYY&v=v1&sign=48e27ca824503538d686d87d8d27b816-----GET-----Cannot access 'paramsHolder' before initialization
24-02-2023	59:40:23-----idError-----58289450-bff4-44f9-932b-e207bf5f46b5-----/v1/services/listPlayerByBlub?club=manu&stime=1677256859221&nonce=11496275187012557000&keyToken=xxxxYYYYY&v=v1&sign=48e27ca824503538d686d87d8d27b816-----GET-----Cannot access 'paramsHolder' before initialization
24-02-2023	01:41:23-----idError-----e32f4366-e1c1-4ffb-87bb-68a6d308d70b-----/v1/services/listPlayerByBlub?club=manu&stime=1677256860957&nonce=53849826089820420000&keyToken=xxxxYYYYY&v=v1&sign=48e27ca824503538d686d87d8d27b816-----GET-----Cannot access 'paramsHolder' before initialization
24-02-2023	02:41:23-----idError-----9bfd93e2-2f07-4709-899d-2308ca8302f0-----/v1/services/listPlayerByBlub?club=manu&stime=1677256862311&nonce=23830076470527537000&keyToken=xxxxYYYYY&v=v1&sign=48e27ca824503538d686d87d8d27b816-----GET-----Cannot access 'paramsHolder' before initialization
24-02-2023	04:41:23-----idError-----bd18bc3a-8ea2-4508-a3de-7e9994533417-----/v1/services/listPlayerByBlub?club=manu&stime=1677256863896&nonce=70030781599904190000&keyToken=xxxxYYYYY&v=v1&sign=48e27ca824503538d686d87d8d27b816-----GET-----Cannot access 'paramsHolder' before initialization
24-02-2023	05:41:23-----idError-----0d1d2909-489d-4109-87d7-109cd24417b4-----/v1/services/listPlayerByBlub?club=manu&stime=1677256865076&nonce=49548529784214330000&keyToken=xxxxYYYYY&v=v1&sign=48e27ca824503538d686d87d8d27b816-----GET-----Cannot access 'paramsHolder' before initialization
24-02-2023	41:41:23-----idError-----d11d0b22-6468-43dd-97b3-9e83134659b2-----/v1/services/listPlayerByBlub?club=manu&stime=1677256901522&nonce=38969508740154474000&keyToken=xxxxYYYYY&v=v1&sign=48e27ca824503538d686d87d8d27b816-----GET-----Cannot access 'paramsHolder' before initialization
24-02-2023	43:41:23-----idError-----1454cd3e-170c-46e9-a689-6806edf72f87-----/v1/services/listPlayerByBlub?club=manu&stime=1677256903104&nonce=59323261601354740000&keyToken=xxxxYYYYY&v=v1&sign=48e27ca824503538d686d87d8d27b816-----GET-----Cannot access 'paramsHolder' before initialization
24-02-2023	44:41:23-----idError-----cf457d75-de98-446d-b837-cc332ec8d537-----/v1/services/listPlayerByBlub?club=manu&stime=1677256904428&nonce=27305490754687270000&keyToken=xxxxYYYYY&v=v1&sign=48e27ca824503538d686d87d8d27b816-----GET-----Cannot access 'paramsHolder' before initialization
24-02-2023	46:41:23-----idError-----7b99ae8f-29da-43cb-aa0a-0ccefd5fda09-----/v1/services/listPlayerByBlub?club=manu&stime=1677256906284&nonce=86192412740904940000&keyToken=xxxxYYYYY&v=v1&sign=48e27ca824503538d686d87d8d27b816-----GET-----Cannot access 'paramsHolder' before initialization
24-02-2023	47:41:23-----idError-----1c384773-bb87-41dc-9dc5-aeef4b1c9c0a-----/v1/services/listPlayerByBlub?club=manu&stime=1677256906836&nonce=71899770732265185000&keyToken=xxxxYYYYY&v=v1&sign=48e27ca824503538d686d87d8d27b816-----GET-----Cannot access 'paramsHolder' before initialization
24-02-2023	48:41:23-----idError-----6f98c982-e31f-4e1f-b63c-b19c42662238-----/v1/services/listPlayerByBlub?club=manu&stime=1677256908221&nonce=24981543141902900000&keyToken=xxxxYYYYY&v=v1&sign=48e27ca824503538d686d87d8d27b816-----GET-----Cannot access 'paramsHolder' before initialization
24-02-2023	49:41:23-----idError-----4e33a537-3dfa-4856-874f-afa8d98af0a4-----/v1/services/listPlayerByBlub?club=manu&stime=1677256909392&nonce=78603226522119880000&keyToken=xxxxYYYYY&v=v1&sign=48e27ca824503538d686d87d8d27b816-----GET-----Cannot access 'paramsHolder' before initialization
24-02-2023	51:41:23-----idError-----536f9185-5a8d-403a-8b1e-4df41bbefe09-----/v1/services/listPlayerByBlub?club=manu&stime=1677256910839&nonce=53538177657376580000&keyToken=xxxxYYYYY&v=v1&sign=48e27ca824503538d686d87d8d27b816-----GET-----Cannot access 'paramsHolder' before initialization
24-02-2023	52:41:23-----idError-----26621605-ebd2-4940-a514-43fe2e1b3439-----/v1/services/listPlayerByBlub?club=manu&stime=1677256912229&nonce=34425203953878266000&keyToken=xxxxYYYYY&v=v1&sign=48e27ca824503538d686d87d8d27b816-----GET-----Cannot access 'paramsHolder' before initialization
24-02-2023	54:41:23-----idError-----8d5621bb-976d-4df7-9048-f1cbe7f3aff4-----/v1/services/listPlayerByBlub?club=manu&stime=1677256913612&nonce=31303276907981947000&keyToken=xxxxYYYYY&v=v1&sign=48e27ca824503538d686d87d8d27b816-----GET-----Cannot access 'paramsHolder' before initialization
24-02-2023	55:41:23-----idError-----efbb1e56-0942-4774-bbef-54e0d4441030-----/v1/services/listPlayerByBlub?club=manu&stime=1677256914668&nonce=14028448677998555000&keyToken=xxxxYYYYY&v=v1&sign=48e27ca824503538d686d87d8d27b816-----GET-----Cannot access 'paramsHolder' before initialization
24-02-2023	56:41:23-----idError-----cf9dca8e-b065-408e-88aa-de00f7480e70-----/v1/services/listPlayerByBlub?club=manu&stime=1677256916066&nonce=34402378538423610000&keyToken=xxxxYYYYY&v=v1&sign=48e27ca824503538d686d87d8d27b816-----GET-----Cannot access 'paramsHolder' before initialization
24-02-2023	57:41:23-----idError-----05b9433a-513f-4303-b59c-ee6f0b5098ea-----/v1/services/listPlayerByBlub?club=manu&stime=1677256917496&nonce=26718534178596594000&keyToken=xxxxYYYYY&v=v1&sign=48e27ca824503538d686d87d8d27b816-----GET-----Cannot access 'paramsHolder' before initialization
24-02-2023	59:41:23-----idError-----ed98f354-121e-4510-b963-e7b2a9ea15f0-----/v1/services/listPlayerByBlub?club=manu&stime=1677256918972&nonce=39243286281669270000&keyToken=xxxxYYYYY&v=v1&sign=48e27ca824503538d686d87d8d27b816-----GET-----Cannot access 'paramsHolder' before initialization
24-02-2023	48:43:23-----idError-----1db8d928-5680-464c-a09c-7939732b9a0e-----/v1/services/listPlayerByBlub?club=manu&stime=1677257028306&nonce=86266064882083020000&keyToken=xxxxYYYYY&v=v1&sign=48e27ca824503538d686d87d8d27b816-----GET-----Cannot access 'paramsHolder' before initialization
24-02-2023	51:43:23-----idError-----621470e0-0db0-4d3a-bc61-9adc7c36d0f6-----/v1/services/listPlayerByBlub?club=manu&stime=1677257030939&nonce=57353570166384430000&keyToken=xxxxYYYYY&v=v1&sign=48e27ca824503538d686d87d8d27b816-----GET-----Cannot access 'paramsHolder' before initialization
24-02-2023	54:43:23-----idError-----b96ebed0-7ce9-4dc4-b137-567a69970ad6-----/v1/services/listPlayerByBlub?club=manu&stime=1677257034308&nonce=37548350099822660000&keyToken=xxxxYYYYY&v=v1&sign=48e27ca824503538d686d87d8d27b816-----GET-----Cannot access 'paramsHolder' before initialization
24-02-2023	57:43:23-----idError-----669a585e-057d-494a-8b00-fe37bc4ed1ba-----/v1/services/listPlayerByBlub?club=manu&stime=1677257037128&nonce=29678183804109767000&keyToken=xxxxYYYYY&v=v1&sign=48e27ca824503538d686d87d8d27b816-----GET-----Cannot access 'paramsHolder' before initialization
24-02-2023	02:44:23-----idError-----449d3910-9dee-4596-887e-e10c52842996-----/v1/services/listPlayerByBlub?club=manu&stime=1677257041645&nonce=43552459808325240000&keyToken=xxxxYYYYY&v=v1&sign=48e27ca824503538d686d87d8d27b816-----GET-----Cannot access 'paramsHolder' before initialization
24-02-2023	04:44:23-----idError-----0ba40b74-6f1e-4962-bc0b-256d9eb65063-----/v1/services/listPlayerByBlub?club=manu&stime=1677257044364&nonce=94712249867340220000&keyToken=xxxxYYYYY&v=v1&sign=48e27ca824503538d686d87d8d27b816-----GET-----Cannot access 'paramsHolder' before initialization
24-02-2023	07:44:23-----idError-----1fca501b-647e-40ee-ba8c-5f9223007a29-----/v1/services/listPlayerByBlub?club=manu&stime=1677257046973&nonce=73314842712369380000&keyToken=xxxxYYYYY&v=v1&sign=48e27ca824503538d686d87d8d27b816-----GET-----Cannot access 'paramsHolder' before initialization
24-02-2023	10:44:23-----idError-----46b9d2be-70d3-4476-bcf6-8e411782c1ef-----/v1/services/listPlayerByBlub?club=manu&stime=1677257050263&nonce=62560947644299320000&keyToken=xxxxYYYYY&v=v1&sign=48e27ca824503538d686d87d8d27b816-----GET-----Cannot access 'paramsHolder' before initialization
24-02-2023	20:44:23-----idError-----d27345a9-763a-4300-8138-db8e821bdb4f-----/v1/services/listPlayerByBlub?club=manu&stime=1677257059530&nonce=48092038926159510000&keyToken=xxxxYYYYY&v=v1&sign=48e27ca824503538d686d87d8d27b816-----GET-----Cannot access 'paramsHolder' before initialization
24-02-2023	23:44:23-----idError-----722eae95-a16a-4ded-aba1-96bae4cbe69d-----/v1/services/listPlayerByBlub?club=manu&stime=1677257062513&nonce=87693485169457330000&keyToken=xxxxYYYYY&v=v1&sign=48e27ca824503538d686d87d8d27b816-----GET-----Cannot access 'paramsHolder' before initialization
24-02-2023	26:44:23-----idError-----34b53659-89ed-45af-a541-8dea4154a046-----/v1/services/listPlayerByBlub?club=manu&stime=1677257065722&nonce=42651931491584840000&keyToken=xxxxYYYYY&v=v1&sign=48e27ca824503538d686d87d8d27b816-----GET-----Cannot access 'paramsHolder' before initialization
24-02-2023	27:44:23-----idError-----3ca41627-b769-4e71-b75c-db0683d5d26b-----/v1/services/listPlayerByBlub?club=manu&stime=1677257067124&nonce=19420746332855357000&keyToken=xxxxYYYYY&v=v1&sign=48e27ca824503538d686d87d8d27b816-----GET-----Cannot access 'paramsHolder' before initialization
24-02-2023	14:48:23-----idError-----56d5d595-e25c-4814-a82b-93a39c739077-----/v1/services/listPlayerByBlub?club=manu&stime=1677257293909&nonce=59144005943121986000&keyToken=xxxxYYYYY&v=v1&sign=48e27ca824503538d686d87d8d27b816-----GET-----Cannot access 'paramsHolder' before initialization
24-02-2023	18:48:23-----idError-----656d8160-6b0a-44ac-8105-9e2bb4b1dc3d-----/v1/services/listPlayerByBlub?club=manu&stime=1677257297216&nonce=68377762989275530000&keyToken=xxxxYYYYY&v=v1&sign=48e27ca824503538d686d87d8d27b816-----GET-----Cannot access 'paramsHolder' before initialization
24-02-2023	22:48:23-----idError-----419e6572-7b81-4c1f-bb04-d37c4042b551-----/v1/services/listPlayerByBlub?club=manu&stime=1677257301289&nonce=71288921676713560000&keyToken=xxxxYYYYY&v=v1&sign=48e27ca824503538d686d87d8d27b816-----GET-----Cannot access 'paramsHolder' before initialization
24-02-2023	26:48:23-----idError-----d76ad25c-a906-47a7-a63f-ded20166e48e-----/v1/services/listPlayerByBlub?club=manu&stime=1677257305438&nonce=32253054362125492000&keyToken=xxxxYYYYY&v=v1&sign=48e27ca824503538d686d87d8d27b816-----GET-----Cannot access 'paramsHolder' before initialization
24-02-2023	29:48:23-----idError-----9df313e3-3c16-4eda-8a19-1d44d35c6e3d-----/v1/services/listPlayerByBlub?club=manu&stime=1677257308917&nonce=79175647683742920000&keyToken=xxxxYYYYY&v=v1&sign=48e27ca824503538d686d87d8d27b816-----GET-----Cannot access 'paramsHolder' before initialization
24-02-2023	32:48:23-----idError-----c5bc9a12-bb75-46de-ae3c-15c14281e334-----/v1/services/listPlayerByBlub?club=manu&stime=1677257311645&nonce=30846499611783537000&keyToken=xxxxYYYYY&v=v1&sign=48e27ca824503538d686d87d8d27b816-----GET-----Cannot access 'paramsHolder' before initialization
24-02-2023	34:48:23-----idError-----2c82420d-198c-45f9-8235-0ed13864f4ca-----/v1/services/listPlayerByBlub?club=manu&stime=1677257314700&nonce=68502212999682860000&keyToken=xxxxYYYYY&v=v1&sign=48e27ca824503538d686d87d8d27b816-----GET-----Cannot access 'paramsHolder' before initialization
24-02-2023	37:48:23-----idError-----fe8b7134-2acd-49e9-9821-f67b82abe4a7-----/v1/services/listPlayerByBlub?club=manu&stime=1677257316753&nonce=77123656644433500000&keyToken=xxxxYYYYY&v=v1&sign=48e27ca824503538d686d87d8d27b816-----GET-----Cannot access 'paramsHolder' before initialization
24-02-2023	38:48:23-----idError-----1d6547f6-2a7d-4c34-a574-fc84a1bb3e02-----/v1/services/listPlayerByBlub?club=manu&stime=1677257318092&nonce=81770747297023340000&keyToken=xxxxYYYYY&v=v1&sign=48e27ca824503538d686d87d8d27b816-----GET-----Cannot access 'paramsHolder' before initialization
24-02-2023	40:48:23-----idError-----42d0f42c-86d2-43ec-aa94-ea4299443e52-----/v1/services/listPlayerByBlub?club=manu&stime=1677257320500&nonce=86266884383375380000&keyToken=xxxxYYYYY&v=v1&sign=48e27ca824503538d686d87d8d27b816-----GET-----Cannot access 'paramsHolder' before initialization
24-02-2023	57:48:23-----idError-----cfe79620-8dc3-403b-bd4b-73e314344921-----/v1/services/listPlayerByBlub?club=manu&stime=1677257337310&nonce=12484775246122140000&keyToken=xxxxYYYYY&v=v1&sign=48e27ca824503538d686d87d8d27b816-----GET-----Cannot access 'paramsHolder' before initialization
24-02-2023	01:49:23-----idError-----fbb01ad5-723a-4dd9-bfed-79ba51f77c27-----/v1/services/listPlayerByBlub?club=manu&stime=1677257340760&nonce=61652991242663050000&keyToken=xxxxYYYYY&v=v1&sign=48e27ca824503538d686d87d8d27b816-----GET-----Cannot access 'paramsHolder' before initialization
24-02-2023	03:49:23-----idError-----a0b7bace-7cc2-4018-9176-b44bda41ae4b-----/v1/services/listPlayerByBlub?club=manu&stime=1677257343177&nonce=18016784976592318000&keyToken=xxxxYYYYY&v=v1&sign=48e27ca824503538d686d87d8d27b816-----GET-----Cannot access 'paramsHolder' before initialization
24-02-2023	47:50:23-----idError-----dc984503-9a26-4492-848e-cfcb92c050e3-----/v1/services/listPlayerByBlub?club=manu&stime=1677257446363&nonce=23174607022971390000&keyToken=xxxxYYYYY&v=v1&sign=48e27ca824503538d686d87d8d27b816-----GET-----Cannot access 'paramsHolder' before initialization
24-02-2023	48:50:23-----idError-----f7f87db3-7e21-4222-84b2-3c53c41838a4-----/v1/services/listPlayerByBlub?club=manu&stime=1677257448106&nonce=83972714775004250000&keyToken=xxxxYYYYY&v=v1&sign=48e27ca824503538d686d87d8d27b816-----GET-----Cannot access 'paramsHolder' before initialization
24-02-2023	51:50:23-----idError-----18960fd2-3a49-4e3d-b5a2-33fb8fa3c87d-----/v1/services/listPlayerByBlub?club=manu&stime=1677257449896&nonce=10221978074652236000&keyToken=xxxxYYYYY&v=v1&sign=48e27ca824503538d686d87d8d27b816-----GET-----Cannot access 'paramsHolder' before initialization
24-02-2023	53:50:23-----idError-----7c9af653-003c-4b62-bf48-c5f2ec6afa8c-----/v1/services/listPlayerByBlub?club=manu&stime=1677257452988&nonce=68368580882847080000&keyToken=xxxxYYYYY&v=v1&sign=48e27ca824503538d686d87d8d27b816-----GET-----Cannot access 'paramsHolder' before initialization
24-02-2023	55:50:23-----idError-----2670946c-12be-4345-b052-e4e864b75fe2-----/v1/services/listPlayerByBlub?club=manu&stime=1677257454800&nonce=73859981938624700000&keyToken=xxxxYYYYY&v=v1&sign=48e27ca824503538d686d87d8d27b816-----GET-----Cannot access 'paramsHolder' before initialization
24-02-2023	58:50:23-----idError-----8fc7e609-3d6f-44b2-975f-83ebe3eebb99-----/v1/services/listPlayerByBlub?club=manu&stime=1677257458263&nonce=29277773943630897000&keyToken=xxxxYYYYY&v=v1&sign=48e27ca824503538d686d87d8d27b816-----GET-----Cannot access 'paramsHolder' before initialization
24-02-2023	00:51:23-----idError-----56d3747c-18af-408d-89e1-2f1cd244451f-----/v1/services/listPlayerByBlub?club=manu&stime=1677257459989&nonce=21322895158113200000&keyToken=xxxxYYYYY&v=v1&sign=48e27ca824503538d686d87d8d27b816-----GET-----Cannot access 'paramsHolder' before initialization
24-02-2023	03:51:23-----idError-----3081a872-3074-489b-88e3-3d3a27932d45-----/v1/services/listPlayerByBlub?club=manu&stime=1677257463684&nonce=26340708515751715000&keyToken=xxxxYYYYY&v=v1&sign=48e27ca824503538d686d87d8d27b816-----GET-----Cannot access 'paramsHolder' before initialization
24-02-2023	08:51:23-----idError-----04a693bc-0e46-4b12-b6b8-ab407f12281b-----/v1/services/listPlayerByBlub?club=manu&stime=1677257467240&nonce=81798902599118600000&keyToken=xxxxYYYYY&v=v1&sign=48e27ca824503538d686d87d8d27b816-----GET-----Cannot access 'paramsHolder' before initialization
24-02-2023	11:51:23-----idError-----47b297fc-666d-4991-a72d-b83223f9f73a-----/v1/services/listPlayerByBlub?club=manu&stime=1677257470511&nonce=13321024426412988000&keyToken=xxxxYYYYY&v=v1&sign=48e27ca824503538d686d87d8d27b816-----GET-----Cannot access 'paramsHolder' before initialization
24-02-2023	15:51:23-----idError-----57297295-f225-47e2-872e-b985a5e5bec2-----/v1/services/listPlayerByBlub?club=manu&stime=1677257474969&nonce=93493189519290290000&keyToken=xxxxYYYYY&v=v1&sign=48e27ca824503538d686d87d8d27b816-----GET-----Cannot access 'paramsHolder' before initialization
24-02-2023	18:51:23-----idError-----6206d99c-cee4-424e-982e-5675aa99e31b-----/v1/services/listPlayerByBlub?club=manu&stime=1677257477979&nonce=24464419262203540000&keyToken=xxxxYYYYY&v=v1&sign=48e27ca824503538d686d87d8d27b816-----GET-----Cannot access 'paramsHolder' before initialization
24-02-2023	21:51:23-----idError-----20a2b160-2ecc-439b-925a-1b58b8614634-----/v1/services/listPlayerByBlub?club=manu&stime=1677257481101&nonce=93922097836167710000&keyToken=xxxxYYYYY&v=v1&sign=48e27ca824503538d686d87d8d27b816-----GET-----Cannot access 'paramsHolder' before initialization
24-02-2023	23:51:23-----idError-----6c3693b8-9295-4f4e-b2ad-08594270c476-----/v1/services/listPlayerByBlub?club=manu&stime=1677257483162&nonce=68353659854241320000&keyToken=xxxxYYYYY&v=v1&sign=48e27ca824503538d686d87d8d27b816-----GET-----Cannot access 'paramsHolder' before initialization
24-02-2023	26:51:23-----idError-----13817943-b00f-445c-9bef-0f6546d7a92b-----/v1/services/listPlayerByBlub?club=manu&stime=1677257486004&nonce=23408749454510256000&keyToken=xxxxYYYYY&v=v1&sign=48e27ca824503538d686d87d8d27b816-----GET-----Cannot access 'paramsHolder' before initialization
24-02-2023	37:51:23-----idError-----2adcc58e-a3dc-4b77-81cb-80ddd1b18114-----/v1/services/listPlayerByBlub?club=manu&stime=1677257497112&nonce=52744900476011240000&keyToken=xxxxYYYYY&v=v1&sign=48e27ca824503538d686d87d8d27b816-----GET-----Cannot access 'paramsHolder' before initialization
24-02-2023	40:51:23-----idError-----054060df-34bf-4fdc-8a0b-34d965fd5686-----/v1/services/listPlayerByBlub?club=manu&stime=1677257499317&nonce=32637342100115214000&keyToken=xxxxYYYYY&v=v1&sign=48e27ca824503538d686d87d8d27b816-----GET-----Cannot access 'paramsHolder' before initialization
24-02-2023	47:51:23-----idError-----ce830fbe-00cb-45e5-aef8-18812bafb293-----/v1/services/listPlayerByBlub?club=manu&stime=1677257506244&nonce=22239534520122030000&keyToken=xxxxYYYYY&v=v1&sign=48e27ca824503538d686d87d8d27b816-----GET-----Cannot access 'paramsHolder' before initialization
24-02-2023	32:52:23-----idError-----7451642a-df5f-4d8c-8777-5d180c288c01-----/v1/services/listPlayerByBlub?club=manu&stime=1677257550129&nonce=75264890922066790000&keyToken=xxxxYYYYY&v=v1&sign=48e27ca824503538d686d87d8d27b816-----GET-----Cannot access 'paramsHolder' before initialization
24-02-2023	39:52:23-----idError-----731bb15e-2c78-4cec-a6ad-ad4a50b2b5b5-----/v1/services/listPlayerByBlub?club=manu&stime=1677257558516&nonce=73841250689330660000&keyToken=xxxxYYYYY&v=v1&sign=48e27ca824503538d686d87d8d27b816-----GET-----Cannot access 'paramsHolder' before initialization
24-02-2023	42:52:23-----idError-----8fb1caa7-3c1b-4d6f-84e6-97f0b9744539-----/v1/services/listPlayerByBlub?club=manu&stime=1677257561233&nonce=80806025662880550000&keyToken=xxxxYYYYY&v=v1&sign=48e27ca824503538d686d87d8d27b816-----GET-----Cannot access 'paramsHolder' before initialization
24-02-2023	51:55:23-----idError-----6c38903c-6a45-4302-9993-0be7b1a882b1-----/v1/services/listPlayerByBlub?club=manu&stime=1677257750661&nonce=55633688127117680000&keyToken=xxxxYYYYY&v=v1&sign=48e27ca824503538d686d87d8d27b816-----GET-----Cannot access 'paramsHolder' before initialization
24-02-2023	52:55:23-----idError-----7329b137-2243-4b7d-b9d4-3cbda58b889d-----/v1/services/listPlayerByBlub?club=manu&stime=1677257752459&nonce=16697577457558522000&keyToken=xxxxYYYYY&v=v1&sign=48e27ca824503538d686d87d8d27b816-----GET-----Cannot access 'paramsHolder' before initialization
24-02-2023	55:55:23-----idError-----4ef31b4f-1da3-41ec-b25d-a1ea111564c8-----/v1/services/listPlayerByBlub?club=manu&stime=1677257754221&nonce=34226506129956467000&keyToken=xxxxYYYYY&v=v1&sign=48e27ca824503538d686d87d8d27b816-----GET-----Cannot access 'paramsHolder' before initialization
24-02-2023	56:55:23-----idError-----1de62475-3ac3-4168-98ed-88452eac7689-----/v1/services/listPlayerByBlub?club=manu&stime=1677257756180&nonce=78472583726048440000&keyToken=xxxxYYYYY&v=v1&sign=48e27ca824503538d686d87d8d27b816-----GET-----Cannot access 'paramsHolder' before initialization
25-02-2023	06:07:20-----idError-----6cf83591-0a2b-4693-a96c-2be803222f4b-----/v1/services/listPlayerByBlub?club=manu&stime=1677330425723&nonce=24859394904434905000&keyToken=xxxxYYYYY&v=v1&sign=48e27ca824503538d686d87d8d27b816-----GET-----Cannot access 'paramsHolder' before initialization
25-02-2023	07:07:20-----idError-----53e21f02-4502-4469-8b97-48027a9bb278-----/v1/services/listPlayerByBlub?club=manu&stime=1677330426901&nonce=81637993055099260000&keyToken=xxxxYYYYY&v=v1&sign=48e27ca824503538d686d87d8d27b816-----GET-----Cannot access 'paramsHolder' before initialization
25-02-2023	07:07:20-----idError-----931c8ba0-2090-454d-9273-a59aafc689af-----/v1/services/listPlayerByBlub?club=manu&stime=1677330427573&nonce=34071011989423206000&keyToken=xxxxYYYYY&v=v1&sign=48e27ca824503538d686d87d8d27b816-----GET-----Cannot access 'paramsHolder' before initialization
25-02-2023	08:07:20-----idError-----504f8f99-3719-4123-8b42-1238f4fc3a8e-----/v1/services/listPlayerByBlub?club=manu&stime=1677330428125&nonce=12596451292407620000&keyToken=xxxxYYYYY&v=v1&sign=48e27ca824503538d686d87d8d27b816-----GET-----Cannot access 'paramsHolder' before initialization
25-02-2023	09:07:20-----idError-----ca47c802-a13f-4597-b2bb-fa87ad970fea-----/v1/services/listPlayerByBlub?club=manu&stime=1677330428765&nonce=25103466399431830000&keyToken=xxxxYYYYY&v=v1&sign=48e27ca824503538d686d87d8d27b816-----GET-----Cannot access 'paramsHolder' before initialization
25-02-2023	09:07:20-----idError-----f02fa376-54d8-45d1-bc61-7c04075c4494-----/v1/services/listPlayerByBlub?club=manu&stime=1677330429431&nonce=32787469547622728000&keyToken=xxxxYYYYY&v=v1&sign=48e27ca824503538d686d87d8d27b816-----GET-----Cannot access 'paramsHolder' before initialization
25-02-2023	10:07:20-----idError-----0b5e454d-0592-4e1f-965d-3e591afd282f-----/v1/services/listPlayerByBlub?club=manu&stime=1677330430127&nonce=24550783055185486000&keyToken=xxxxYYYYY&v=v1&sign=48e27ca824503538d686d87d8d27b816-----GET-----Cannot access 'paramsHolder' before initialization
25-02-2023	10:07:20-----idError-----6f7f1901-b5c8-4c51-962e-9420ff3fc1bc-----/v1/services/listPlayerByBlub?club=manu&stime=1677330430660&nonce=98485798887103370000&keyToken=xxxxYYYYY&v=v1&sign=48e27ca824503538d686d87d8d27b816-----GET-----Cannot access 'paramsHolder' before initialization
25-02-2023	11:07:20-----idError-----8482d28c-7917-4fbd-9c8f-9f70ad8d95bb-----/v1/services/listPlayerByBlub?club=manu&stime=1677330431150&nonce=89654532897968100000&keyToken=xxxxYYYYY&v=v1&sign=48e27ca824503538d686d87d8d27b816-----GET-----Cannot access 'paramsHolder' before initialization
25-02-2023	11:07:20-----idError-----06a99ad5-a731-4a7e-a19e-094d6a7cf703-----/v1/services/listPlayerByBlub?club=manu&stime=1677330431647&nonce=81964618683033670000&keyToken=xxxxYYYYY&v=v1&sign=48e27ca824503538d686d87d8d27b816-----GET-----Cannot access 'paramsHolder' before initialization
25-02-2023	12:07:20-----idError-----178b1dd8-3716-4dc2-aada-2d0c729ec44f-----/v1/services/listPlayerByBlub?club=manu&stime=1677330432362&nonce=50774840827989090000&keyToken=xxxxYYYYY&v=v1&sign=48e27ca824503538d686d87d8d27b816-----GET-----Cannot access 'paramsHolder' before initialization
25-02-2023	13:07:20-----idError-----1177eeee-bbde-4458-89ee-b3360779562a-----/v1/services/listPlayerByBlub?club=manu&stime=1677330432966&nonce=58772532440861580000&keyToken=xxxxYYYYY&v=v1&sign=48e27ca824503538d686d87d8d27b816-----GET-----Cannot access 'paramsHolder' before initialization
25-02-2023	13:07:20-----idError-----1da34e4c-cd2e-48dc-a508-ae053e7305dd-----/v1/services/listPlayerByBlub?club=manu&stime=1677330433516&nonce=80282811557824300000&keyToken=xxxxYYYYY&v=v1&sign=48e27ca824503538d686d87d8d27b816-----GET-----Cannot access 'paramsHolder' before initialization
25-02-2023	14:07:20-----idError-----f94ca031-e011-4183-aab0-fc1460ff64b2-----/v1/services/listPlayerByBlub?club=manu&stime=1677330433979&nonce=83017630742986650000&keyToken=xxxxYYYYY&v=v1&sign=48e27ca824503538d686d87d8d27b816-----GET-----Cannot access 'paramsHolder' before initialization
25-02-2023	14:07:20-----idError-----6435820f-3d23-4655-8643-a461ffe73be5-----/v1/services/listPlayerByBlub?club=manu&stime=1677330434485&nonce=73260341975762520000&keyToken=xxxxYYYYY&v=v1&sign=48e27ca824503538d686d87d8d27b816-----GET-----Cannot access 'paramsHolder' before initialization
25-02-2023	15:07:20-----idError-----8af71562-cab6-4360-855e-e13f5c798bc1-----/v1/services/listPlayerByBlub?club=manu&stime=1677330435082&nonce=47636825193486524000&keyToken=xxxxYYYYY&v=v1&sign=48e27ca824503538d686d87d8d27b816-----GET-----Cannot access 'paramsHolder' before initialization
25-02-2023	15:07:20-----idError-----5fc6cb24-c681-41fe-a697-0d08f2c176fc-----/v1/services/listPlayerByBlub?club=manu&stime=1677330435582&nonce=70655738499125780000&keyToken=xxxxYYYYY&v=v1&sign=48e27ca824503538d686d87d8d27b816-----GET-----Cannot access 'paramsHolder' before initialization
25-02-2023	16:07:20-----idError-----19430c0f-0e35-4c5a-b434-12f5c06e2458-----/v1/services/listPlayerByBlub?club=manu&stime=1677330436086&nonce=84088747286791910000&keyToken=xxxxYYYYY&v=v1&sign=48e27ca824503538d686d87d8d27b816-----GET-----Cannot access 'paramsHolder' before initialization
25-02-2023	16:07:20-----idError-----d974823f-9a86-4b93-acd6-c4fafae7dc25-----/v1/services/listPlayerByBlub?club=manu&stime=1677330436561&nonce=33919941660655456000&keyToken=xxxxYYYYY&v=v1&sign=48e27ca824503538d686d87d8d27b816-----GET-----Cannot access 'paramsHolder' before initialization
25-02-2023	17:07:20-----idError-----e94ab90b-dfc4-4b85-bf27-eaae3cb7b210-----/v1/services/listPlayerByBlub?club=manu&stime=1677330437029&nonce=26182849617862510000&keyToken=xxxxYYYYY&v=v1&sign=48e27ca824503538d686d87d8d27b816-----GET-----Cannot access 'paramsHolder' before initialization
25-02-2023	17:07:20-----idError-----d813218f-2072-4d1f-ba7b-fc26b90f92d1-----/v1/services/listPlayerByBlub?club=manu&stime=1677330437627&nonce=32143950970176733000&keyToken=xxxxYYYYY&v=v1&sign=48e27ca824503538d686d87d8d27b816-----GET-----Cannot access 'paramsHolder' before initialization
25-02-2023	18:07:20-----idError-----76db4431-985f-47b9-9618-550c8625da54-----/v1/services/listPlayerByBlub?club=manu&stime=1677330438083&nonce=32126529587154140000&keyToken=xxxxYYYYY&v=v1&sign=48e27ca824503538d686d87d8d27b816-----GET-----Cannot access 'paramsHolder' before initialization
25-02-2023	18:07:20-----idError-----b2c0a6c0-3398-40de-afb9-781e46a749a3-----/v1/services/listPlayerByBlub?club=manu&stime=1677330438729&nonce=42820627231481850000&keyToken=xxxxYYYYY&v=v1&sign=48e27ca824503538d686d87d8d27b816-----GET-----Cannot access 'paramsHolder' before initialization
25-02-2023	19:07:20-----idError-----07e6b95b-75ec-4069-8922-0fabb0fcef3f-----/v1/services/listPlayerByBlub?club=manu&stime=1677330439224&nonce=15457284241211402000&keyToken=xxxxYYYYY&v=v1&sign=48e27ca824503538d686d87d8d27b816-----GET-----Cannot access 'paramsHolder' before initialization
25-02-2023	20:07:20-----idError-----7325f348-1d25-4893-aa5c-8d6e2e405420-----/v1/services/listPlayerByBlub?club=manu&stime=1677330439793&nonce=33090839351681155000&keyToken=xxxxYYYYY&v=v1&sign=48e27ca824503538d686d87d8d27b816-----GET-----Cannot access 'paramsHolder' before initialization
25-02-2023	20:07:20-----idError-----dbe16204-6d4e-4798-8e32-d06b97eeec7d-----/v1/services/listPlayerByBlub?club=manu&stime=1677330440399&nonce=93706494043356660000&keyToken=xxxxYYYYY&v=v1&sign=48e27ca824503538d686d87d8d27b816-----GET-----Cannot access 'paramsHolder' before initialization
25-02-2023	21:07:20-----idError-----322f0065-ff3a-42aa-9ddf-6ab64b2eefd2-----/v1/services/listPlayerByBlub?club=manu&stime=1677330440979&nonce=89116537615820000000&keyToken=xxxxYYYYY&v=v1&sign=48e27ca824503538d686d87d8d27b816-----GET-----Cannot access 'paramsHolder' before initialization
25-02-2023	21:07:20-----idError-----6c9291b3-c11c-4105-bc47-819226b9fba5-----/v1/services/listPlayerByBlub?club=manu&stime=1677330441363&nonce=75983092700077790000&keyToken=xxxxYYYYY&v=v1&sign=48e27ca824503538d686d87d8d27b816-----GET-----Cannot access 'paramsHolder' before initialization
25-02-2023	21:07:20-----idError-----099e50fd-e768-47df-bda2-977695a750d8-----/v1/services/listPlayerByBlub?club=manu&stime=1677330441792&nonce=66964819654745465000&keyToken=xxxxYYYYY&v=v1&sign=48e27ca824503538d686d87d8d27b816-----GET-----Cannot access 'paramsHolder' before initialization
25-02-2023	22:07:20-----idError-----f2f07016-3c35-4500-be9a-89236409ae3d-----/v1/services/listPlayerByBlub?club=manu&stime=1677330442356&nonce=39636340002533510000&keyToken=xxxxYYYYY&v=v1&sign=48e27ca824503538d686d87d8d27b816-----GET-----Cannot access 'paramsHolder' before initialization
25-02-2023	22:07:20-----idError-----c04ba9ff-20ef-45a2-8cb5-6b161e920c30-----/v1/services/listPlayerByBlub?club=manu&stime=1677330442770&nonce=36017392433261543000&keyToken=xxxxYYYYY&v=v1&sign=48e27ca824503538d686d87d8d27b816-----GET-----Cannot access 'paramsHolder' before initialization
25-02-2023	23:07:20-----idError-----1db664a6-5f2d-4683-bb47-2ea77eddcc13-----/v1/services/listPlayerByBlub?club=manu&stime=1677330443313&nonce=34280800137867270000&keyToken=xxxxYYYYY&v=v1&sign=48e27ca824503538d686d87d8d27b816-----GET-----Cannot access 'paramsHolder' before initialization
25-02-2023	25:07:20-----idError-----d93dec66-2f7e-4cd2-9b22-e96d971948d9-----/v1/services/listPlayerByBlub?club=manu&stime=1677330444494&nonce=35284500027397200000&keyToken=xxxxYYYYY&v=v1&sign=48e27ca824503538d686d87d8d27b816-----GET-----Cannot access 'paramsHolder' before initialization
25-02-2023	26:07:20-----idError-----7abdced7-f9cb-489d-8b42-cbd9ebe4127f-----/v1/services/listPlayerByBlub?club=manu&stime=1677330446376&nonce=62831361906199210000&keyToken=xxxxYYYYY&v=v1&sign=48e27ca824503538d686d87d8d27b816-----GET-----Cannot access 'paramsHolder' before initialization
25-02-2023	27:07:20-----idError-----6d160bf5-d195-4629-b3f3-e8cf138f5161-----/v1/services/listPlayerByBlub?club=manu&stime=1677330447059&nonce=95060961720444900000&keyToken=xxxxYYYYY&v=v1&sign=48e27ca824503538d686d87d8d27b816-----GET-----Cannot access 'paramsHolder' before initialization
25-02-2023	27:07:20-----idError-----23c6bfc3-738f-4c6d-b8b1-ea894c7dba98-----/v1/services/listPlayerByBlub?club=manu&stime=1677330447621&nonce=54379259299304270000&keyToken=xxxxYYYYY&v=v1&sign=48e27ca824503538d686d87d8d27b816-----GET-----Cannot access 'paramsHolder' before initialization
25-02-2023	28:07:20-----idError-----6c545c68-a358-412e-a058-4a5800aa764d-----/v1/services/listPlayerByBlub?club=manu&stime=1677330448379&nonce=12411484408830159000&keyToken=xxxxYYYYY&v=v1&sign=48e27ca824503538d686d87d8d27b816-----GET-----Cannot access 'paramsHolder' before initialization
25-02-2023	30:07:20-----idError-----fd7a7997-1b91-40e5-b021-a8fb1a7da7d0-----/v1/services/listPlayerByBlub?club=manu&stime=1677330449733&nonce=38773774191716650000&keyToken=xxxxYYYYY&v=v1&sign=48e27ca824503538d686d87d8d27b816-----GET-----Cannot access 'paramsHolder' before initialization
25-02-2023	31:07:20-----idError-----9cfbdf58-9216-403f-999f-295b5870c786-----/v1/services/listPlayerByBlub?club=manu&stime=1677330450821&nonce=17080658288746084000&keyToken=xxxxYYYYY&v=v1&sign=48e27ca824503538d686d87d8d27b816-----GET-----Cannot access 'paramsHolder' before initialization
25-02-2023	32:07:20-----idError-----b2ea17c8-d3ff-473d-9455-70e2e07a3d33-----/v1/services/listPlayerByBlub?club=manu&stime=1677330452211&nonce=91305774531714580000&keyToken=xxxxYYYYY&v=v1&sign=48e27ca824503538d686d87d8d27b816-----GET-----Cannot access 'paramsHolder' before initialization
25-02-2023	33:07:20-----idError-----d5aa89ed-9534-45e4-9853-eeb807b8262b-----/v1/services/listPlayerByBlub?club=manu&stime=1677330453191&nonce=28506118784527634000&keyToken=xxxxYYYYY&v=v1&sign=48e27ca824503538d686d87d8d27b816-----GET-----Cannot access 'paramsHolder' before initialization
25-02-2023	34:07:20-----idError-----ad249b4c-1107-4279-8c43-d8d9570b9dd7-----/v1/services/listPlayerByBlub?club=manu&stime=1677330454094&nonce=87536711299283980000&keyToken=xxxxYYYYY&v=v1&sign=48e27ca824503538d686d87d8d27b816-----GET-----Cannot access 'paramsHolder' before initialization
25-02-2023	35:07:20-----idError-----5e3b5895-bb1f-492d-b0ba-cbaa5c1685f6-----/v1/services/listPlayerByBlub?club=manu&stime=1677330455240&nonce=24141598512855675000&keyToken=xxxxYYYYY&v=v1&sign=48e27ca824503538d686d87d8d27b816-----GET-----Cannot access 'paramsHolder' before initialization
25-02-2023	36:07:20-----idError-----de004185-4674-4db9-a3d3-b3256faef621-----/v1/services/listPlayerByBlub?club=manu&stime=1677330456119&nonce=20674862322969485000&keyToken=xxxxYYYYY&v=v1&sign=48e27ca824503538d686d87d8d27b816-----GET-----Cannot access 'paramsHolder' before initialization
25-02-2023	37:07:20-----idError-----0646ed87-082c-4347-afa7-a215551c2909-----/v1/services/listPlayerByBlub?club=manu&stime=1677330457079&nonce=28535585320885748000&keyToken=xxxxYYYYY&v=v1&sign=48e27ca824503538d686d87d8d27b816-----GET-----Cannot access 'paramsHolder' before initialization
25-02-2023	38:07:20-----idError-----8715fd6f-c208-46b1-bddb-8a6c90f47231-----/v1/services/listPlayerByBlub?club=manu&stime=1677330457910&nonce=28514136832599966000&keyToken=xxxxYYYYY&v=v1&sign=48e27ca824503538d686d87d8d27b816-----GET-----Cannot access 'paramsHolder' before initialization
25-02-2023	39:07:20-----idError-----70a831e1-c2a9-49b8-81e2-16b694b21095-----/v1/services/listPlayerByBlub?club=manu&stime=1677330458681&nonce=35171588507595813000&keyToken=xxxxYYYYY&v=v1&sign=48e27ca824503538d686d87d8d27b816-----GET-----Cannot access 'paramsHolder' before initialization
25-02-2023	39:07:20-----idError-----7c734d50-926c-4e3b-a959-c563861cfc90-----/v1/services/listPlayerByBlub?club=manu&stime=1677330459557&nonce=57389194762073370000&keyToken=xxxxYYYYY&v=v1&sign=48e27ca824503538d686d87d8d27b816-----GET-----Cannot access 'paramsHolder' before initialization
25-02-2023	40:07:20-----idError-----ba180c97-5919-41b0-928a-36d0ef6139a5-----/v1/services/listPlayerByBlub?club=manu&stime=1677330460542&nonce=22760775162298560000&keyToken=xxxxYYYYY&v=v1&sign=48e27ca824503538d686d87d8d27b816-----GET-----Cannot access 'paramsHolder' before initialization
25-02-2023	42:07:20-----idError-----e0717bc3-467d-4eff-b4f5-cc376a6d75ec-----/v1/services/listPlayerByBlub?club=manu&stime=1677330461460&nonce=67679376837785970000&keyToken=xxxxYYYYY&v=v1&sign=48e27ca824503538d686d87d8d27b816-----GET-----Cannot access 'paramsHolder' before initialization
25-02-2023	42:08:20-----idError-----f1502954-3fdd-4b51-92f3-316e8b901eb6-----/v1/services/listPlayerByBlub?club=manu&stime=1677330522462&nonce=72129441738607660000&keyToken=xxxxYYYYY&v=v1&sign=48e27ca824503538d686d87d8d27b816-----GET-----Cannot access 'paramsHolder' before initialization
25-02-2023	43:08:20-----idError-----190d2c4a-f1f4-42b2-8d67-79ddb033bfd6-----/v1/services/listPlayerByBlub?club=manu&stime=1677330523309&nonce=62143595074958820000&keyToken=xxxxYYYYY&v=v1&sign=48e27ca824503538d686d87d8d27b816-----GET-----Cannot access 'paramsHolder' before initialization
25-02-2023	43:08:20-----idError-----13327e32-7c51-46b3-b200-5204ab5029af-----/v1/services/listPlayerByBlub?club=manu&stime=1677330523902&nonce=78220456149137390000&keyToken=xxxxYYYYY&v=v1&sign=48e27ca824503538d686d87d8d27b816-----GET-----Cannot access 'paramsHolder' before initialization
25-02-2023	44:08:20-----idError-----11847769-f153-486b-8508-1748bd577003-----/v1/services/listPlayerByBlub?club=manu&stime=1677330524837&nonce=66405781280252396000&keyToken=xxxxYYYYY&v=v1&sign=48e27ca824503538d686d87d8d27b816-----GET-----Cannot access 'paramsHolder' before initialization
25-02-2023	35:25:22-----idError-----ee030bf2-0079-4ffa-93a5-2fa91d1b5441-----/v1/services/listPlayerByBlub?club=manu&stime=1677338735109&nonce=66758290643361130000&keyToken=xxxxYYYYY&v=v1&sign=48e27ca824503538d686d87d8d27b816-----GET-----Cannot access 'paramsHolder' before initialization
25-02-2023	38:25:22-----idError-----27682d60-e43d-49b9-b88e-c65e32847712-----/v1/services/listPlayerByBlub?club=manu&stime=1677338738043&nonce=39873075756103460000&keyToken=xxxxYYYYY&v=v1&sign=48e27ca824503538d686d87d8d27b816-----GET-----Cannot access 'paramsHolder' before initialization
25-02-2023	44:25:22-----idError-----a55f9196-f615-4a64-9857-0ed06bff138d-----/v1/services/listPlayerByBlub?club=manu&stime=1677338744185&nonce=70471029645369010000&keyToken=xxxxYYYYY&v=v1&sign=48e27ca824503538d686d87d8d27b816-----GET-----Cannot access 'paramsHolder' before initialization
25-02-2023	45:25:22-----idError-----68cdde5e-4a3c-494a-8a6b-8d1296b30cc9-----/v1/services/listPlayerByBlub?club=manu&stime=1677338745635&nonce=91213340743009140000&keyToken=xxxxYYYYY&v=v1&sign=48e27ca824503538d686d87d8d27b816-----GET-----Cannot access 'paramsHolder' before initialization
25-02-2023	47:25:22-----idError-----9bbb25d6-8bbb-435c-b78c-9ff05f137e81-----/v1/services/listPlayerByBlub?club=manu&stime=1677338747148&nonce=52715481311991270000&keyToken=xxxxYYYYY&v=v1&sign=48e27ca824503538d686d87d8d27b816-----GET-----Cannot access 'paramsHolder' before initialization
25-02-2023	48:25:22-----idError-----154d7026-cde4-4304-9a47-a8256b0cf832-----/v1/services/listPlayerByBlub?club=manu&stime=1677338748567&nonce=34843042905516843000&keyToken=xxxxYYYYY&v=v1&sign=48e27ca824503538d686d87d8d27b816-----GET-----Cannot access 'paramsHolder' before initialization
25-02-2023	50:25:22-----idError-----61b3395b-2e81-46a2-b482-b1267fa63cb8-----/v1/services/listPlayerByBlub?club=manu&stime=1677338750158&nonce=43000225746546080000&keyToken=xxxxYYYYY&v=v1&sign=48e27ca824503538d686d87d8d27b816-----GET-----Cannot access 'paramsHolder' before initialization
25-02-2023	00:26:22-----idError-----0bdb4b41-fd40-4c52-aed7-26bb2dd9721d-----/v1/services/listPlayerByBlub?club=manu&stime=1677338760023&nonce=39717213491981790000&keyToken=xxxxYYYYY&v=v1&sign=48e27ca824503538d686d87d8d27b816-----GET-----Cannot access 'paramsHolder' before initialization
25-02-2023	03:26:22-----idError-----f9820137-2afb-4715-8030-9a8ab86f0c61-----/v1/services/listPlayerByBlub?club=manu&stime=1677338763117&nonce=19817795990847033000&keyToken=xxxxYYYYY&v=v1&sign=48e27ca824503538d686d87d8d27b816-----GET-----Cannot access 'paramsHolder' before initialization
25-02-2023	04:26:22-----idError-----6a3c7a5c-c857-436d-8cd3-57e2805c276e-----/v1/services/listPlayerByBlub?club=manu&stime=1677338764426&nonce=66967926229185960000&keyToken=xxxxYYYYY&v=v1&sign=48e27ca824503538d686d87d8d27b816-----GET-----Cannot access 'paramsHolder' before initialization
25-02-2023	05:26:22-----idError-----eddad7b8-e962-45ab-8dc2-017f2d0934e7-----/v1/services/listPlayerByBlub?club=manu&stime=1677338765851&nonce=98407206135360050000&keyToken=xxxxYYYYY&v=v1&sign=48e27ca824503538d686d87d8d27b816-----GET-----Cannot access 'paramsHolder' before initialization
25-02-2023	06:26:22-----idError-----8bab8f7f-f485-4aa7-b5a8-4e914dddcfd5-----/v1/services/listPlayerByBlub?club=manu&stime=1677338766907&nonce=12962992741921974000&keyToken=xxxxYYYYY&v=v1&sign=48e27ca824503538d686d87d8d27b816-----GET-----Cannot access 'paramsHolder' before initialization
25-02-2023	08:26:22-----idError-----7f3cd06d-a6bf-4b85-a960-1ac4800471c5-----/v1/services/listPlayerByBlub?club=manu&stime=1677338768269&nonce=69075376041651450000&keyToken=xxxxYYYYY&v=v1&sign=48e27ca824503538d686d87d8d27b816-----GET-----Cannot access 'paramsHolder' before initialization
25-02-2023	10:26:22-----idError-----382049a4-bf01-4ebd-bb67-653c110d41d3-----/v1/services/listPlayerByBlub?club=manu&stime=1677338770247&nonce=76092657761541540000&keyToken=xxxxYYYYY&v=v1&sign=48e27ca824503538d686d87d8d27b816-----GET-----Cannot access 'paramsHolder' before initialization
25-02-2023	11:26:22-----idError-----e8296040-8a25-4dec-988b-ba4f25f47fea-----/v1/services/listPlayerByBlub?club=manu&stime=1677338771294&nonce=18681584614827327000&keyToken=xxxxYYYYY&v=v1&sign=48e27ca824503538d686d87d8d27b816-----GET-----Cannot access 'paramsHolder' before initialization
25-02-2023	13:26:22-----idError-----41d592b9-029f-4e77-85fc-7426abfceca6-----/v1/services/listPlayerByBlub?club=manu&stime=1677338772988&nonce=15080054187857990000&keyToken=xxxxYYYYY&v=v1&sign=48e27ca824503538d686d87d8d27b816-----GET-----Cannot access 'paramsHolder' before initialization
25-02-2023	14:26:22-----idError-----38cab13b-f524-4a41-b57b-0fae9d23f7fc-----/v1/services/listPlayerByBlub?club=manu&stime=1677338774760&nonce=88914086121271970000&keyToken=xxxxYYYYY&v=v1&sign=48e27ca824503538d686d87d8d27b816-----GET-----Cannot access 'paramsHolder' before initialization
25-02-2023	17:26:22-----idError-----fdd058c7-37b8-4fb5-8780-7f1d81a4dee7-----/v1/services/listPlayerByBlub?club=manu&stime=1677338776928&nonce=76864877083798500000&keyToken=xxxxYYYYY&v=v1&sign=48e27ca824503538d686d87d8d27b816-----GET-----Cannot access 'paramsHolder' before initialization
25-02-2023	21:26:22-----idError-----4deb5ed4-9e88-4edb-b779-2bb0fe3280ca-----/v1/services/listPlayerByBlub?club=manu&stime=1677338781599&nonce=97208054287432270000&keyToken=xxxxYYYYY&v=v1&sign=48e27ca824503538d686d87d8d27b816-----GET-----Cannot access 'paramsHolder' before initialization
